
+-------------+----------------+-----------+--------------+---------+-------------------+--------------------+-------+----+---------+-------+-----+
|fixed_acidity|volatile_acidity|citric_acid|residual_sugar|chlorides|free_sulfur_dioxide|total_sulfur_dioxide|density|  pH|sulphates|alcohol|label|
+-------------+----------------+-----------+--------------+---------+-------------------+--------------------+-------+----+---------+-------+-----+
|          8.9|            0.22|       0.48|           1.8|    0.077|               29.0|                60.0| 0.9968|3.39|     0.53|    9.4|    6|
|          7.6|            0.39|       0.31|           2.3|    0.082|               23.0|                71.0| 0.9982|3.52|     0.65|    9.7|    5|
|          7.9|            0.43|       0.21|           1.6|    0.106|               10.0|                37.0| 0.9966|3.17|     0.91|    9.5|    5|
|          8.5|            0.49|       0.11|           2.3|    0.084|                9.0|                67.0| 0.9968|3.17|     0.53|    9.4|    5|
|          6.9|             0.4|       0.14|           2.4|    0.085|               21.0|                40.0| 0.9968|3.43|     0.63|    9.7|    6|
+-------------+----------------+-----------+--------------+---------+-------------------+--------------------+-------+----+---------+-------+-----+
only showing top 5 rows


Training DataSet Metrics 
Accuracy: 0.6114151681000782
F-measure: 0.5904050519731796
+-------------+----------------+-----------+--------------+---------+-------------------+--------------------+-------+----+---------+-------+-----+
|fixed_acidity|volatile_acidity|citric_acid|residual_sugar|chlorides|free_sulfur_dioxide|total_sulfur_dioxide|density|  pH|sulphates|alcohol|label|
+-------------+----------------+-----------+--------------+---------+-------------------+--------------------+-------+----+---------+-------+-----+
|          7.4|             0.7|        0.0|           1.9|    0.076|                 11|                  34| 0.9978|3.51|     0.56|    9.4|    5|
|          7.8|            0.88|        0.0|           2.6|    0.098|                 25|                  67| 0.9968| 3.2|     0.68|    9.8|    5|
|          7.8|            0.76|       0.04|           2.3|    0.092|                 15|                  54|  0.997|3.26|     0.65|    9.8|    5|
|         11.2|            0.28|       0.56|           1.9|    0.075|                 17|                  60|  0.998|3.16|     0.58|    9.8|    6|
|          7.4|             0.7|        0.0|           1.9|    0.076|                 11|                  34| 0.9978|3.51|     0.56|    9.4|    5|
+-------------+----------------+-----------+--------------+---------+-------------------+--------------------+-------+----+---------+-------+-----+
only showing top 5 rows


 Validation Training Set Metrics
+--------------------------------------------------------+-----+----------+
|features                                                |label|prediction|
+--------------------------------------------------------+-----+----------+
|[9.4,0.56,3.51,0.9978,11.0,34.0,0.076,1.9,0.0,0.7,7.4]  |5    |5.0       |
|[9.8,0.68,3.2,0.9968,25.0,67.0,0.098,2.6,0.0,0.88,7.8]  |5    |5.0       |
|[9.8,0.65,3.26,0.997,15.0,54.0,0.092,2.3,0.04,0.76,7.8] |5    |5.0       |
|[9.8,0.58,3.16,0.998,17.0,60.0,0.075,1.9,0.56,0.28,11.2]|6    |5.0       |
|[9.4,0.56,3.51,0.9978,11.0,34.0,0.076,1.9,0.0,0.7,7.4]  |5    |5.0       |
+--------------------------------------------------------+-----+----------+
only showing top 5 rows


Model Accuracy is 0.575
F1: 0.5619407071339173
